Started by user [8mha:////4BMw752tifshHF6lnxefsfEz7rJ7nTMd9F07gGknpEaAAAAAlx+LCAAAAAAAAP9b85aBtbiIQTGjNKU4P08vOT+vOD8nVc83PyU1x6OyILUoJzMv2y+/JJUBAhiZGBgqihhk0NSjKDWzXb3RdlLBUSYGJk8GtpzUvPSSDB8G5tKinBIGIZ+sxLJE/ZzEvHT94JKizLx0a6BxUmjGOUNodHsLgAzWEgZu/dLi1CL9xLysxDwAZt23j8AAAAA=[0manjan
Building on master in workspace C:\Users\anjan\.jenkins\workspace\test
[WS-CLEANUP] Deleting project workspace...
java.io.IOException: Failed to mkdirs: C:\Users\anjan\.jenkins\workspace\test
	at hudson.FilePath.mkdirs(FilePath.java:1171)
	at hudson.model.AbstractProject.checkout(AbstractProject.java:1210)
	at hudson.model.AbstractBuild$AbstractBuildExecution.defaultCheckout(AbstractBuild.java:560)
	at jenkins.scm.SCMCheckoutStrategy.checkout(SCMCheckoutStrategy.java:86)
	at hudson.model.AbstractBuild$AbstractBuildExecution.run(AbstractBuild.java:485)
	at hudson.model.Run.execute(Run.java:1735)
	at hudson.model.FreeStyleBuild.run(FreeStyleBuild.java:43)
	at hudson.model.ResourceController.execute(ResourceController.java:97)
	at hudson.model.Executor.run(Executor.java:415)
Email was triggered for: Failure - Any
Sending email for trigger: Failure - Any
org.codehaus.groovy.control.MultipleCompilationErrorsException: startup failed:
Script1.groovy: 1: unexpected char: '\' @ line 1, column 56.
   Workspace().child("test-output\emailable
                                 ^

1 error

	at org.codehaus.groovy.control.ErrorCollector.failIfErrors(ErrorCollector.java:310)
	at org.codehaus.groovy.control.ErrorCollector.addFatalError(ErrorCollector.java:150)
	at org.codehaus.groovy.control.ErrorCollector.addError(ErrorCollector.java:120)
	at org.codehaus.groovy.control.ErrorCollector.addError(ErrorCollector.java:132)
	at org.codehaus.groovy.control.SourceUnit.addError(SourceUnit.java:350)
	at org.codehaus.groovy.antlr.AntlrParserPlugin.transformCSTIntoAST(AntlrParserPlugin.java:139)
	at org.codehaus.groovy.antlr.AntlrParserPlugin.parseCST(AntlrParserPlugin.java:110)
	at org.codehaus.groovy.control.SourceUnit.parse(SourceUnit.java:234)
	at org.codehaus.groovy.control.CompilationUnit$1.call(CompilationUnit.java:168)
	at org.codehaus.groovy.control.CompilationUnit.applyToSourceUnits(CompilationUnit.java:943)
	at org.codehaus.groovy.control.CompilationUnit.doPhaseOperation(CompilationUnit.java:605)
	at org.codehaus.groovy.control.CompilationUnit.processPhaseOperations(CompilationUnit.java:581)
	at org.codehaus.groovy.control.CompilationUnit.compile(CompilationUnit.java:558)
	at groovy.lang.GroovyClassLoader.doParseClass(GroovyClassLoader.java:298)
	at groovy.lang.GroovyClassLoader.parseClass(GroovyClassLoader.java:268)
	at groovy.lang.GroovyShell.parseClass(GroovyShell.java:688)
	at groovy.lang.GroovyShell.parse(GroovyShell.java:700)
	at groovy.lang.GroovyShell.parse(GroovyShell.java:736)
	at groovy.lang.GroovyShell.parse(GroovyShell.java:727)
	at hudson.plugins.emailext.ExtendedEmailPublisher.executeScript(ExtendedEmailPublisher.java:623)
	at hudson.plugins.emailext.ExtendedEmailPublisher.executePresendScript(ExtendedEmailPublisher.java:573)
	at hudson.plugins.emailext.ExtendedEmailPublisher.sendMail(ExtendedEmailPublisher.java:456)
	at hudson.plugins.emailext.ExtendedEmailPublisher._perform(ExtendedEmailPublisher.java:441)
	at hudson.plugins.emailext.ExtendedEmailPublisher.perform(ExtendedEmailPublisher.java:349)
	at hudson.tasks.BuildStepMonitor$1.perform(BuildStepMonitor.java:20)
	at hudson.model.AbstractBuild$AbstractBuildExecution.perform(AbstractBuild.java:730)
	at hudson.model.AbstractBuild$AbstractBuildExecution.performAllBuildSteps(AbstractBuild.java:676)
	at hudson.model.Build$BuildExecution.cleanUp(Build.java:196)
	at hudson.model.Run.execute(Run.java:1782)
	at hudson.model.FreeStyleBuild.run(FreeStyleBuild.java:43)
	at hudson.model.ResourceController.execute(ResourceController.java:97)
	at hudson.model.Executor.run(Executor.java:415)

Sending email to: anjanmondal@gmail.com
Connection error sending email, retrying once more in 10 seconds...
Connection error sending email, retrying once more in 10 seconds...
Failed after second try sending email
Finished: FAILURE
